{"D:\\dev\\github\\react-redux-controller\\src\\AppAction.ts": {"path":"D:\\dev\\github\\react-redux-controller\\src\\AppAction.ts","statementMap":{"0":{"start":{"line":15,"column":2},"end":{"line":15,"column":19}},"1":{"start":{"line":16,"column":2},"end":{"line":16,"column":36}},"2":{"start":{"line":17,"column":2},"end":{"line":17,"column":20}},"3":{"start":{"line":18,"column":2},"end":{"line":18,"column":31}},"4":{"start":{"line":22,"column":2},"end":{"line":22,"column":37}},"5":{"start":{"line":26,"column":3},"end":{"line":26,"column":59}},"6":{"start":{"line":30,"column":2},"end":{"line":32,"column":null}},"7":{"start":{"line":31,"column":3},"end":{"line":31,"column":13}},"8":{"start":{"line":34,"column":2},"end":{"line":39,"column":5}},"9":{"start":{"line":35,"column":3},"end":{"line":37,"column":null}},"10":{"start":{"line":36,"column":4},"end":{"line":36,"column":27}},"11":{"start":{"line":38,"column":3},"end":{"line":38,"column":32}},"12":{"start":{"line":38,"column":16},"end":{"line":38,"column":31}},"13":{"start":{"line":43,"column":2},"end":{"line":43,"column":45}},"14":{"start":{"line":47,"column":2},"end":{"line":47,"column":23}},"15":{"start":{"line":51,"column":2},"end":{"line":51,"column":36}},"16":{"start":{"line":55,"column":15},"end":{"line":55,"column":64}},"17":{"start":{"line":56,"column":22},"end":{"line":56,"column":43}},"18":{"start":{"line":58,"column":2},"end":{"line":72,"column":5}},"19":{"start":{"line":60,"column":3},"end":{"line":62,"column":null}},"20":{"start":{"line":61,"column":4},"end":{"line":61,"column":11}},"21":{"start":{"line":63,"column":3},"end":{"line":66,"column":null}},"22":{"start":{"line":64,"column":4},"end":{"line":64,"column":40}},"23":{"start":{"line":65,"column":4},"end":{"line":65,"column":11}},"24":{"start":{"line":67,"column":3},"end":{"line":70,"column":null}},"25":{"start":{"line":68,"column":4},"end":{"line":68,"column":40}},"26":{"start":{"line":69,"column":4},"end":{"line":69,"column":11}},"27":{"start":{"line":71,"column":3},"end":{"line":71,"column":32}},"28":{"start":{"line":74,"column":2},"end":{"line":76,"column":4}},"29":{"start":{"line":75,"column":3},"end":{"line":75,"column":46}},"30":{"start":{"line":77,"column":2},"end":{"line":79,"column":4}},"31":{"start":{"line":78,"column":3},"end":{"line":78,"column":24}},"32":{"start":{"line":80,"column":2},"end":{"line":82,"column":4}},"33":{"start":{"line":81,"column":3},"end":{"line":81,"column":37}},"34":{"start":{"line":84,"column":2},"end":{"line":84,"column":21}},"35":{"start":{"line":4,"column":0},"end":{"line":4,"column":13}}},"fnMap":{"0":{"name":"(anonymous_0)","decl":{"start":{"line":14,"column":1},"end":{"line":14,"column":13}},"loc":{"start":{"line":14,"column":44},"end":{"line":19,"column":2}}},"1":{"name":"(anonymous_1)","decl":{"start":{"line":21,"column":1},"end":{"line":21,"column":7}},"loc":{"start":{"line":21,"column":98},"end":{"line":23,"column":2}}},"2":{"name":"(anonymous_2)","decl":{"start":{"line":25,"column":1},"end":{"line":25,"column":7}},"loc":{"start":{"line":25,"column":48},"end":{"line":27,"column":2}}},"3":{"name":"(anonymous_3)","decl":{"start":{"line":29,"column":1},"end":{"line":29,"column":7}},"loc":{"start":{"line":29,"column":54},"end":{"line":40,"column":2}}},"4":{"name":"(anonymous_4)","decl":{"start":{"line":34,"column":31},"end":{"line":34,"column":32}},"loc":{"start":{"line":34,"column":51},"end":{"line":39,"column":3}}},"5":{"name":"(anonymous_5)","decl":{"start":{"line":38,"column":10},"end":{"line":38,"column":13}},"loc":{"start":{"line":38,"column":16},"end":{"line":38,"column":31}}},"6":{"name":"(anonymous_6)","decl":{"start":{"line":42,"column":1},"end":{"line":42,"column":15}},"loc":{"start":{"line":42,"column":54},"end":{"line":44,"column":2}}},"7":{"name":"(anonymous_7)","decl":{"start":{"line":46,"column":1},"end":{"line":46,"column":5}},"loc":{"start":{"line":46,"column":5},"end":{"line":48,"column":2}}},"8":{"name":"(anonymous_8)","decl":{"start":{"line":50,"column":1},"end":{"line":50,"column":11}},"loc":{"start":{"line":50,"column":11},"end":{"line":52,"column":2}}},"9":{"name":"(anonymous_9)","decl":{"start":{"line":54,"column":1},"end":{"line":54,"column":14}},"loc":{"start":{"line":54,"column":14},"end":{"line":85,"column":2}}},"10":{"name":"(anonymous_10)","decl":{"start":{"line":58,"column":15},"end":{"line":58,"column":16}},"loc":{"start":{"line":58,"column":23},"end":{"line":72,"column":3}}},"11":{"name":"(anonymous_11)","decl":{"start":{"line":74,"column":31},"end":{"line":74,"column":41}},"loc":{"start":{"line":74,"column":61},"end":{"line":76,"column":3}}},"12":{"name":"(anonymous_12)","decl":{"start":{"line":77,"column":21},"end":{"line":77,"column":null}},"loc":{"start":{"line":77,"column":21},"end":{"line":79,"column":3}}},"13":{"name":"(anonymous_13)","decl":{"start":{"line":80,"column":27},"end":{"line":80,"column":null}},"loc":{"start":{"line":80,"column":27},"end":{"line":82,"column":3}}}},"branchMap":{"0":{"loc":{"start":{"line":30,"column":2},"end":{"line":32,"column":null}},"type":"if","locations":[{"start":{"line":30,"column":2},"end":{"line":32,"column":null}}]},"1":{"loc":{"start":{"line":35,"column":3},"end":{"line":37,"column":null}},"type":"if","locations":[{"start":{"line":35,"column":3},"end":{"line":37,"column":null}}]},"2":{"loc":{"start":{"line":60,"column":3},"end":{"line":62,"column":null}},"type":"if","locations":[{"start":{"line":60,"column":3},"end":{"line":62,"column":null}}]},"3":{"loc":{"start":{"line":63,"column":3},"end":{"line":66,"column":null}},"type":"if","locations":[{"start":{"line":63,"column":3},"end":{"line":66,"column":null}}]},"4":{"loc":{"start":{"line":67,"column":3},"end":{"line":70,"column":null}},"type":"if","locations":[{"start":{"line":67,"column":3},"end":{"line":70,"column":null}}]}},"s":{"0":38,"1":38,"2":38,"3":38,"4":9,"5":1,"6":17,"7":0,"8":17,"9":12,"10":3,"11":9,"12":7,"13":0,"14":0,"15":0,"16":33,"17":33,"18":33,"19":132,"20":0,"21":132,"22":33,"23":33,"24":99,"25":33,"26":33,"27":66,"28":33,"29":9,"30":33,"31":1,"32":33,"33":15,"34":33,"35":7},"f":{"0":38,"1":9,"2":1,"3":17,"4":12,"5":7,"6":0,"7":0,"8":0,"9":33,"10":132,"11":9,"12":1,"13":15},"b":{"0":[0],"1":[3],"2":[0],"3":[33],"4":[33]}}
,"D:\\dev\\github\\react-redux-controller\\src\\MetadataStorage.ts": {"path":"D:\\dev\\github\\react-redux-controller\\src\\MetadataStorage.ts","statementMap":{"0":{"start":{"line":1,"column":0},"end":{"line":1,"column":26}},"1":{"start":{"line":4,"column":38},"end":{"line":4,"column":91}},"2":{"start":{"line":9,"column":41},"end":{"line":11,"column":2}},"3":{"start":{"line":15,"column":22},"end":{"line":15,"column":54}},"4":{"start":{"line":17,"column":2},"end":{"line":17,"column":36}},"5":{"start":{"line":19,"column":2},"end":{"line":19,"column":86}},"6":{"start":{"line":23,"column":22},"end":{"line":23,"column":69}},"7":{"start":{"line":24,"column":2},"end":{"line":24,"column":42}},"8":{"start":{"line":28,"column":2},"end":{"line":28,"column":92}},"9":{"start":{"line":13,"column":0},"end":{"line":13,"column":13}}},"fnMap":{"0":{"name":"(anonymous_0)","decl":{"start":{"line":14,"column":1},"end":{"line":14,"column":7}},"loc":{"start":{"line":14,"column":43},"end":{"line":20,"column":2}}},"1":{"name":"(anonymous_1)","decl":{"start":{"line":22,"column":1},"end":{"line":22,"column":7}},"loc":{"start":{"line":22,"column":27},"end":{"line":25,"column":2}}},"2":{"name":"(anonymous_2)","decl":{"start":{"line":27,"column":9},"end":{"line":27,"column":15}},"loc":{"start":{"line":27,"column":30},"end":{"line":29,"column":2}}}},"branchMap":{"0":{"loc":{"start":{"line":23,"column":54},"end":{"line":23,"column":58}},"type":"cond-expr","locations":[{"start":{"line":23,"column":54},"end":{"line":23,"column":58}},{"start":{"line":23,"column":58},"end":{"line":23,"column":69}}]},"1":{"loc":{"start":{"line":23,"column":22},"end":{"line":23,"column":58}},"type":"binary-expr","locations":[{"start":{"line":23,"column":22},"end":{"line":23,"column":58}},{"start":{"line":23,"column":54},"end":{"line":23,"column":58}}]},"2":{"loc":{"start":{"line":28,"column":76},"end":{"line":28,"column":80}},"type":"cond-expr","locations":[{"start":{"line":28,"column":76},"end":{"line":28,"column":80}},{"start":{"line":28,"column":80},"end":{"line":28,"column":91}}]},"3":{"loc":{"start":{"line":28,"column":9},"end":{"line":28,"column":80}},"type":"binary-expr","locations":[{"start":{"line":28,"column":9},"end":{"line":28,"column":80}},{"start":{"line":28,"column":76},"end":{"line":28,"column":80}}]}},"s":{"0":3,"1":3,"2":3,"3":4,"4":4,"5":4,"6":16,"7":16,"8":20,"9":3},"f":{"0":4,"1":16,"2":20},"b":{"0":[16,0],"1":[16,16],"2":[5,15],"3":[20,20]}}
,"D:\\dev\\github\\react-redux-controller\\src\\Middleware.ts": {"path":"D:\\dev\\github\\react-redux-controller\\src\\Middleware.ts","statementMap":{"0":{"start":{"line":13,"column":1},"end":{"line":15,"column":3}},"1":{"start":{"line":14,"column":2},"end":{"line":14,"column":37}},"2":{"start":{"line":8,"column":2},"end":{"line":10,"column":4}},"3":{"start":{"line":17,"column":2},"end":{"line":17,"column":37}},"4":{"start":{"line":21,"column":9},"end":{"line":21,"column":19}}},"fnMap":{"0":{"name":"(anonymous_0)","decl":{"start":{"line":7,"column":1},"end":{"line":7,"column":null}},"loc":{"start":{"line":7,"column":1},"end":{"line":11,"column":2}}},"1":{"name":"(anonymous_1)","decl":{"start":{"line":13,"column":30},"end":{"line":13,"column":33}},"loc":{"start":{"line":13,"column":35},"end":{"line":15,"column":2}}},"2":{"name":"(anonymous_2)","decl":{"start":{"line":16,"column":1},"end":{"line":16,"column":9}},"loc":{"start":{"line":16,"column":9},"end":{"line":18,"column":2}}}},"branchMap":{},"s":{"0":1,"1":0,"2":1,"3":0,"4":5},"f":{"0":1,"1":0,"2":0},"b":{}}
,"D:\\dev\\github\\react-redux-controller\\src\\Reducer.ts": {"path":"D:\\dev\\github\\react-redux-controller\\src\\Reducer.ts","statementMap":{"0":{"start":{"line":5,"column":1},"end":{"line":20,"column":39}},"1":{"start":{"line":6,"column":2},"end":{"line":8,"column":null}},"2":{"start":{"line":7,"column":3},"end":{"line":7,"column":16}},"3":{"start":{"line":10,"column":2},"end":{"line":15,"column":null}},"4":{"start":{"line":11,"column":3},"end":{"line":13,"column":null}},"5":{"start":{"line":17,"column":2},"end":{"line":18,"column":null}},"6":{"start":{"line":23,"column":9},"end":{"line":23,"column":16}}},"fnMap":{"0":{"name":"Reducer","decl":{"start":{"line":4,"column":9},"end":{"line":4,"column":16}},"loc":{"start":{"line":4,"column":75},"end":{"line":21,"column":1}}},"1":{"name":"(anonymous_1)","decl":{"start":{"line":5,"column":9},"end":{"line":5,"column":10}},"loc":{"start":{"line":5,"column":71},"end":{"line":20,"column":2}}}},"branchMap":{"0":{"loc":{"start":{"line":5,"column":26},"end":{"line":5,"column":38}},"type":"default-arg","locations":[{"start":{"line":5,"column":26},"end":{"line":5,"column":38}}]},"1":{"loc":{"start":{"line":6,"column":2},"end":{"line":8,"column":null}},"type":"if","locations":[{"start":{"line":6,"column":2},"end":{"line":8,"column":null}}]},"2":{"loc":{"start":{"line":10,"column":2},"end":{"line":15,"column":null}},"type":"if","locations":[{"start":{"line":10,"column":2},"end":{"line":15,"column":null}}]}},"s":{"0":2,"1":3,"2":1,"3":2,"4":1,"5":1,"6":2},"f":{"0":2,"1":3},"b":{"0":[0],"1":[1],"2":[1]}}
,"D:\\dev\\github\\react-redux-controller\\src\\chainActions.ts": {"path":"D:\\dev\\github\\react-redux-controller\\src\\chainActions.ts","statementMap":{"0":{"start":{"line":1,"column":0},"end":{"line":1,"column":46}},"1":{"start":{"line":2,"column":0},"end":{"line":2,"column":43}},"2":{"start":{"line":4,"column":13},"end":{"line":4,"column":79}},"3":{"start":{"line":7,"column":28},"end":{"line":7,"column":30}},"4":{"start":{"line":8,"column":1},"end":{"line":10,"column":null}},"5":{"start":{"line":9,"column":2},"end":{"line":9,"column":80}},"6":{"start":{"line":9,"column":52},"end":{"line":9,"column":78}},"7":{"start":{"line":12,"column":1},"end":{"line":14,"column":null}},"8":{"start":{"line":13,"column":2},"end":{"line":13,"column":44}},"9":{"start":{"line":16,"column":21},"end":{"line":16,"column":34}},"10":{"start":{"line":17,"column":14},"end":{"line":17,"column":25}},"11":{"start":{"line":19,"column":1},"end":{"line":23,"column":null}},"12":{"start":{"line":19,"column":24},"end":{"line":19,"column":25}},"13":{"start":{"line":20,"column":21},"end":{"line":20,"column":44}},"14":{"start":{"line":21,"column":2},"end":{"line":21,"column":36}},"15":{"start":{"line":22,"column":2},"end":{"line":22,"column":22}},"16":{"start":{"line":25,"column":1},"end":{"line":25,"column":20}},"17":{"start":{"line":6,"column":0},"end":{"line":6,"column":16}}},"fnMap":{"0":{"name":"chainActions","decl":{"start":{"line":6,"column":16},"end":{"line":6,"column":28}},"loc":{"start":{"line":6,"column":54},"end":{"line":26,"column":1}}},"1":{"name":"(anonymous_1)","decl":{"start":{"line":9,"column":30},"end":{"line":9,"column":31}},"loc":{"start":{"line":9,"column":52},"end":{"line":9,"column":78}}}},"branchMap":{"0":{"loc":{"start":{"line":8,"column":1},"end":{"line":10,"column":null}},"type":"if","locations":[{"start":{"line":8,"column":1},"end":{"line":10,"column":null}}]},"1":{"loc":{"start":{"line":12,"column":1},"end":{"line":14,"column":null}},"type":"if","locations":[{"start":{"line":12,"column":1},"end":{"line":14,"column":null}}]}},"s":{"0":1,"1":1,"2":1,"3":6,"4":6,"5":6,"6":9,"7":6,"8":2,"9":4,"10":4,"11":4,"12":4,"13":4,"14":4,"15":4,"16":4,"17":1},"f":{"0":6,"1":9},"b":{"0":[6],"1":[2]}}
,"D:\\dev\\github\\react-redux-controller\\src\\createAction.ts": {"path":"D:\\dev\\github\\react-redux-controller\\src\\createAction.ts","statementMap":{"0":{"start":{"line":1,"column":0},"end":{"line":1,"column":40}},"1":{"start":{"line":7,"column":1},"end":{"line":11,"column":null}},"2":{"start":{"line":8,"column":2},"end":{"line":8,"column":37}},"3":{"start":{"line":10,"column":2},"end":{"line":10,"column":30}},"4":{"start":{"line":13,"column":1},"end":{"line":13,"column":78}},"5":{"start":{"line":4,"column":0},"end":{"line":4,"column":16}}},"fnMap":{"0":{"name":"createAction","decl":{"start":{"line":4,"column":16},"end":{"line":4,"column":28}},"loc":{"start":{"line":4,"column":79},"end":{"line":14,"column":1}}}},"branchMap":{"0":{"loc":{"start":{"line":7,"column":1},"end":{"line":11,"column":null}},"type":"if","locations":[{"start":{"line":7,"column":1},"end":{"line":11,"column":null}},{"start":{"line":9,"column":8},"end":{"line":11,"column":null}}]},"1":{"loc":{"start":{"line":7,"column":5},"end":{"line":7,"column":32}},"type":"binary-expr","locations":[{"start":{"line":7,"column":5},"end":{"line":7,"column":32}},{"start":{"line":7,"column":36},"end":{"line":7,"column":59}}]}},"s":{"0":6,"1":33,"2":5,"3":28,"4":33,"5":6},"f":{"0":33},"b":{"0":[5,28],"1":[33,6]}}
,"D:\\dev\\github\\react-redux-controller\\src\\symbols.ts": {"path":"D:\\dev\\github\\react-redux-controller\\src\\symbols.ts","statementMap":{"0":{"start":{"line":1,"column":23},"end":{"line":1,"column":80}},"1":{"start":{"line":6,"column":9},"end":{"line":6,"column":23}},"2":{"start":{"line":2,"column":32},"end":{"line":2,"column":83}},"3":{"start":{"line":6,"column":25},"end":{"line":6,"column":48}},"4":{"start":{"line":4,"column":34},"end":{"line":4,"column":86}},"5":{"start":{"line":6,"column":50},"end":{"line":6,"column":75}}},"fnMap":{},"branchMap":{},"s":{"0":5,"1":5,"2":5,"3":5,"4":5,"5":5},"f":{},"b":{}}
,"D:\\dev\\github\\react-redux-controller\\src\\controller\\ControllerBase.ts": {"path":"D:\\dev\\github\\react-redux-controller\\src\\controller\\ControllerBase.ts","statementMap":{"0":{"start":{"line":2,"column":0},"end":{"line":2,"column":43}},"1":{"start":{"line":7,"column":17},"end":{"line":7,"column":54}},"2":{"start":{"line":7,"column":43},"end":{"line":7,"column":54}},"3":{"start":{"line":10,"column":27},"end":{"line":22,"column":null}},"4":{"start":{"line":15,"column":2},"end":{"line":17,"column":null}},"5":{"start":{"line":16,"column":3},"end":{"line":16,"column":72}},"6":{"start":{"line":19,"column":2},"end":{"line":19,"column":38}},"7":{"start":{"line":20,"column":2},"end":{"line":20,"column":46}},"8":{"start":{"line":20,"column":24},"end":{"line":20,"column":45}},"9":{"start":{"line":10,"column":13},"end":{"line":22,"column":null}},"10":{"start":{"line":10,"column":13},"end":{"line":10,"column":27}}},"fnMap":{"0":{"name":"(anonymous_0)","decl":{"start":{"line":7,"column":17},"end":{"line":7,"column":21}},"loc":{"start":{"line":7,"column":43},"end":{"line":7,"column":54}}},"1":{"name":"(anonymous_1)","decl":{"start":{"line":14,"column":1},"end":{"line":14,"column":13}},"loc":{"start":{"line":14,"column":42},"end":{"line":21,"column":2}}},"2":{"name":"(anonymous_2)","decl":{"start":{"line":20,"column":18},"end":{"line":20,"column":21}},"loc":{"start":{"line":20,"column":24},"end":{"line":20,"column":45}}}},"branchMap":{"0":{"loc":{"start":{"line":15,"column":2},"end":{"line":17,"column":null}},"type":"if","locations":[{"start":{"line":15,"column":2},"end":{"line":17,"column":null}}]}},"s":{"0":4,"1":4,"2":4,"3":4,"4":17,"5":1,"6":16,"7":16,"8":0,"9":4,"10":4},"f":{"0":4,"1":17,"2":0},"b":{"0":[1]}}
,"D:\\dev\\github\\react-redux-controller\\src\\controller\\controllerMiddleware.ts": {"path":"D:\\dev\\github\\react-redux-controller\\src\\controller\\controllerMiddleware.ts","statementMap":{"0":{"start":{"line":3,"column":0},"end":{"line":3,"column":53}},"1":{"start":{"line":4,"column":0},"end":{"line":4,"column":43}},"2":{"start":{"line":5,"column":0},"end":{"line":5,"column":94}},"3":{"start":{"line":6,"column":0},"end":{"line":6,"column":48}},"4":{"start":{"line":7,"column":0},"end":{"line":7,"column":64}},"5":{"start":{"line":8,"column":0},"end":{"line":8,"column":78}},"6":{"start":{"line":16,"column":41},"end":{"line":16,"column":48}},"7":{"start":{"line":18,"column":1},"end":{"line":48,"column":3}},"8":{"start":{"line":19,"column":2},"end":{"line":47,"column":4}},"9":{"start":{"line":20,"column":3},"end":{"line":46,"column":5}},"10":{"start":{"line":20,"column":53},"end":{"line":46,"column":5}},"11":{"start":{"line":21,"column":22},"end":{"line":21,"column":72}},"12":{"start":{"line":22,"column":4},"end":{"line":24,"column":null}},"13":{"start":{"line":23,"column":5},"end":{"line":23,"column":62}},"14":{"start":{"line":26,"column":4},"end":{"line":28,"column":null}},"15":{"start":{"line":27,"column":5},"end":{"line":27,"column":12}},"16":{"start":{"line":30,"column":30},"end":{"line":30,"column":77}},"17":{"start":{"line":31,"column":22},"end":{"line":31,"column":78}},"18":{"start":{"line":34,"column":4},"end":{"line":43,"column":29}},"19":{"start":{"line":35,"column":5},"end":{"line":35,"column":33}},"20":{"start":{"line":36,"column":5},"end":{"line":42,"column":null}},"21":{"start":{"line":37,"column":6},"end":{"line":41,"column":null}},"22":{"start":{"line":38,"column":7},"end":{"line":38,"column":28}},"23":{"start":{"line":40,"column":7},"end":{"line":40,"column":65}},"24":{"start":{"line":45,"column":4},"end":{"line":45,"column":17}},"25":{"start":{"line":115,"column":9},"end":{"line":115,"column":29}},"26":{"start":{"line":56,"column":20},"end":{"line":56,"column":21}},"27":{"start":{"line":57,"column":34},"end":{"line":57,"column":52}},"28":{"start":{"line":57,"column":41},"end":{"line":57,"column":51}},"29":{"start":{"line":60,"column":2},"end":{"line":65,"column":null}},"30":{"start":{"line":61,"column":3},"end":{"line":64,"column":5}},"31":{"start":{"line":67,"column":17},"end":{"line":67,"column":40}},"32":{"start":{"line":68,"column":36},"end":{"line":68,"column":38}},"33":{"start":{"line":70,"column":27},"end":{"line":70,"column":64}},"34":{"start":{"line":71,"column":22},"end":{"line":71,"column":55}},"35":{"start":{"line":73,"column":2},"end":{"line":90,"column":5}},"36":{"start":{"line":74,"column":22},"end":{"line":74,"column":46}},"37":{"start":{"line":75,"column":3},"end":{"line":89,"column":null}},"38":{"start":{"line":76,"column":23},"end":{"line":76,"column":49}},"39":{"start":{"line":77,"column":20},"end":{"line":86,"column":6}},"40":{"start":{"line":78,"column":5},"end":{"line":85,"column":8}},"41":{"start":{"line":79,"column":27},"end":{"line":79,"column":57}},"42":{"start":{"line":80,"column":6},"end":{"line":84,"column":null}},"43":{"start":{"line":81,"column":7},"end":{"line":81,"column":34}},"44":{"start":{"line":83,"column":7},"end":{"line":83,"column":17}},"45":{"start":{"line":88,"column":4},"end":{"line":88,"column":27}},"46":{"start":{"line":92,"column":2},"end":{"line":92,"column":17}},"47":{"start":{"line":94,"column":2},"end":{"line":101,"column":4}},"48":{"start":{"line":96,"column":4},"end":{"line":98,"column":null}},"49":{"start":{"line":97,"column":5},"end":{"line":97,"column":61}},"50":{"start":{"line":104,"column":1},"end":{"line":111,"column":3}},"51":{"start":{"line":106,"column":3},"end":{"line":106,"column":15}},"52":{"start":{"line":109,"column":3},"end":{"line":109,"column":21}}},"fnMap":{"0":{"name":"controllerMiddleware","decl":{"start":{"line":15,"column":9},"end":{"line":15,"column":29}},"loc":{"start":{"line":15,"column":68},"end":{"line":49,"column":1}}},"1":{"name":"(anonymous_1)","decl":{"start":{"line":18,"column":8},"end":{"line":18,"column":9}},"loc":{"start":{"line":18,"column":58},"end":{"line":48,"column":2}}},"2":{"name":"(anonymous_2)","decl":{"start":{"line":19,"column":9},"end":{"line":19,"column":10}},"loc":{"start":{"line":19,"column":62},"end":{"line":47,"column":3}}},"3":{"name":"(anonymous_3)","decl":{"start":{"line":20,"column":10},"end":{"line":20,"column":17}},"loc":{"start":{"line":20,"column":53},"end":{"line":46,"column":5}}},"4":{"name":"(anonymous_4)","decl":{"start":{"line":20,"column":53},"end":{"line":20,"column":null}},"loc":{"start":{"line":20,"column":53},"end":{"line":46,"column":4}}},"5":{"name":"controllerGenerator","decl":{"start":{"line":51,"column":9},"end":{"line":51,"column":28}},"loc":{"start":{"line":54,"column":19},"end":{"line":112,"column":1}}},"6":{"name":"(anonymous_6)","decl":{"start":{"line":57,"column":35},"end":{"line":57,"column":38}},"loc":{"start":{"line":57,"column":41},"end":{"line":57,"column":51}}},"7":{"name":"iterator","decl":{"start":{"line":59,"column":10},"end":{"line":59,"column":18}},"loc":{"start":{"line":59,"column":18},"end":{"line":102,"column":2}}},"8":{"name":"(anonymous_8)","decl":{"start":{"line":73,"column":22},"end":{"line":73,"column":23}},"loc":{"start":{"line":73,"column":34},"end":{"line":90,"column":3}}},"9":{"name":"(anonymous_9)","decl":{"start":{"line":77,"column":38},"end":{"line":77,"column":39}},"loc":{"start":{"line":77,"column":50},"end":{"line":86,"column":5}}},"10":{"name":"(anonymous_10)","decl":{"start":{"line":78,"column":16},"end":{"line":78,"column":19}},"loc":{"start":{"line":78,"column":21},"end":{"line":85,"column":6}}},"11":{"name":"(anonymous_11)","decl":{"start":{"line":95,"column":37},"end":{"line":95,"column":40}},"loc":{"start":{"line":95,"column":42},"end":{"line":99,"column":4}}},"12":{"name":"(anonymous_12)","decl":{"start":{"line":105,"column":2},"end":{"line":105,"column":3}},"loc":{"start":{"line":105,"column":19},"end":{"line":107,"column":3}}},"13":{"name":"(anonymous_13)","decl":{"start":{"line":108,"column":2},"end":{"line":108,"column":6}},"loc":{"start":{"line":108,"column":6},"end":{"line":110,"column":3}}}},"branchMap":{"0":{"loc":{"start":{"line":15,"column":66},"end":{"line":15,"column":68}},"type":"default-arg","locations":[{"start":{"line":15,"column":66},"end":{"line":15,"column":68}}]},"1":{"loc":{"start":{"line":16,"column":20},"end":{"line":16,"column":22}},"type":"default-arg","locations":[{"start":{"line":16,"column":20},"end":{"line":16,"column":22}}]},"2":{"loc":{"start":{"line":22,"column":4},"end":{"line":24,"column":null}},"type":"if","locations":[{"start":{"line":22,"column":4},"end":{"line":24,"column":null}}]},"3":{"loc":{"start":{"line":26,"column":4},"end":{"line":28,"column":null}},"type":"if","locations":[{"start":{"line":26,"column":4},"end":{"line":28,"column":null}}]},"4":{"loc":{"start":{"line":36,"column":5},"end":{"line":42,"column":null}},"type":"if","locations":[{"start":{"line":36,"column":5},"end":{"line":42,"column":null}}]},"5":{"loc":{"start":{"line":60,"column":2},"end":{"line":65,"column":null}},"type":"if","locations":[{"start":{"line":60,"column":2},"end":{"line":65,"column":null}}]},"6":{"loc":{"start":{"line":75,"column":3},"end":{"line":89,"column":null}},"type":"if","locations":[{"start":{"line":75,"column":3},"end":{"line":89,"column":null}}]},"7":{"loc":{"start":{"line":80,"column":6},"end":{"line":84,"column":null}},"type":"if","locations":[{"start":{"line":80,"column":6},"end":{"line":84,"column":null}},{"start":{"line":82,"column":13},"end":{"line":84,"column":null}}]},"8":{"loc":{"start":{"line":96,"column":4},"end":{"line":98,"column":null}},"type":"if","locations":[{"start":{"line":96,"column":4},"end":{"line":98,"column":null}}]},"9":{"loc":{"start":{"line":96,"column":8},"end":{"line":96,"column":24}},"type":"binary-expr","locations":[{"start":{"line":96,"column":8},"end":{"line":96,"column":24}},{"start":{"line":96,"column":28},"end":{"line":96,"column":51}}]}},"s":{"0":3,"1":3,"2":3,"3":3,"4":3,"5":3,"6":6,"7":6,"8":6,"9":6,"10":8,"11":8,"12":8,"13":0,"14":8,"15":0,"16":8,"17":8,"18":8,"19":24,"20":24,"21":16,"22":16,"23":0,"24":8,"25":3,"26":8,"27":8,"28":8,"29":24,"30":8,"31":16,"32":16,"33":16,"34":16,"35":16,"36":35,"37":35,"38":16,"39":16,"40":16,"41":16,"42":16,"43":5,"44":11,"45":16,"46":16,"47":16,"48":16,"49":15,"50":8,"51":0,"52":24},"f":{"0":6,"1":6,"2":6,"3":8,"4":8,"5":8,"6":8,"7":24,"8":35,"9":16,"10":16,"11":16,"12":0,"13":24},"b":{"0":[1],"1":[1],"2":[0],"3":[0],"4":[16],"5":[8],"6":[16],"7":[5,11],"8":[15],"9":[16,16]}}
,"D:\\dev\\github\\react-redux-controller\\src\\controller\\index.ts": {"path":"D:\\dev\\github\\react-redux-controller\\src\\controller\\index.ts","statementMap":{"0":{"start":{"line":1,"column":0},"end":{"line":1,"column":33}},"1":{"start":{"line":2,"column":0},"end":{"line":2,"column":39}},"2":{"start":{"line":3,"column":0},"end":{"line":3,"column":26}}},"fnMap":{},"branchMap":{},"s":{"0":2,"1":2,"2":2},"f":{},"b":{}}
,"D:\\dev\\github\\react-redux-controller\\src\\controller\\isDuckPromise.ts": {"path":"D:\\dev\\github\\react-redux-controller\\src\\controller\\isDuckPromise.ts","statementMap":{"0":{"start":{"line":2,"column":1},"end":{"line":2,"column":69}},"1":{"start":{"line":6,"column":1},"end":{"line":8,"column":null}},"2":{"start":{"line":7,"column":2},"end":{"line":7,"column":15}},"3":{"start":{"line":10,"column":1},"end":{"line":16,"column":null}},"4":{"start":{"line":15,"column":2},"end":{"line":15,"column":14}},"5":{"start":{"line":18,"column":1},"end":{"line":18,"column":14}},"6":{"start":{"line":21,"column":9},"end":{"line":21,"column":22}}},"fnMap":{"0":{"name":"isNullOrUndefined","decl":{"start":{"line":1,"column":9},"end":{"line":1,"column":26}},"loc":{"start":{"line":1,"column":44},"end":{"line":3,"column":1}}},"1":{"name":"isDuckPromise","decl":{"start":{"line":5,"column":9},"end":{"line":5,"column":22}},"loc":{"start":{"line":5,"column":40},"end":{"line":19,"column":1}}}},"branchMap":{"0":{"loc":{"start":{"line":2,"column":8},"end":{"line":2,"column":29}},"type":"binary-expr","locations":[{"start":{"line":2,"column":8},"end":{"line":2,"column":29}},{"start":{"line":2,"column":33},"end":{"line":2,"column":68}}]},"1":{"loc":{"start":{"line":6,"column":1},"end":{"line":8,"column":null}},"type":"if","locations":[{"start":{"line":6,"column":1},"end":{"line":8,"column":null}}]},"2":{"loc":{"start":{"line":10,"column":1},"end":{"line":16,"column":null}},"type":"if","locations":[{"start":{"line":10,"column":1},"end":{"line":16,"column":null}}]},"3":{"loc":{"start":{"line":11,"column":2},"end":{"line":11,"column":34}},"type":"binary-expr","locations":[{"start":{"line":11,"column":2},"end":{"line":11,"column":34}},{"start":{"line":12,"column":2},"end":{"line":12,"column":41}},{"start":{"line":13,"column":2},"end":{"line":13,"column":42}}]}},"s":{"0":16,"1":16,"2":11,"3":5,"4":5,"5":0,"6":3},"f":{"0":16,"1":16},"b":{"0":[16,16],"1":[11],"2":[5],"3":[5,5,5]}}
,"D:\\dev\\github\\react-redux-controller\\src\\controller\\makeControllerFactory.ts": {"path":"D:\\dev\\github\\react-redux-controller\\src\\controller\\makeControllerFactory.ts","statementMap":{"0":{"start":{"line":11,"column":1},"end":{"line":13,"column":null}},"1":{"start":{"line":12,"column":2},"end":{"line":12,"column":54}},"2":{"start":{"line":12,"column":22},"end":{"line":12,"column":53}},"3":{"start":{"line":15,"column":1},"end":{"line":26,"column":3}},"4":{"start":{"line":16,"column":30},"end":{"line":16,"column":112}},"5":{"start":{"line":21,"column":2},"end":{"line":23,"column":null}},"6":{"start":{"line":22,"column":3},"end":{"line":22,"column":40}},"7":{"start":{"line":25,"column":2},"end":{"line":25,"column":55}},"8":{"start":{"line":29,"column":9},"end":{"line":29,"column":30}}},"fnMap":{"0":{"name":"makeControllerFactory","decl":{"start":{"line":7,"column":9},"end":{"line":7,"column":30}},"loc":{"start":{"line":9,"column":55},"end":{"line":27,"column":1}}},"1":{"name":"(anonymous_1)","decl":{"start":{"line":12,"column":9},"end":{"line":12,"column":10}},"loc":{"start":{"line":12,"column":22},"end":{"line":12,"column":53}}},"2":{"name":"(anonymous_2)","decl":{"start":{"line":15,"column":8},"end":{"line":15,"column":9}},"loc":{"start":{"line":15,"column":20},"end":{"line":26,"column":2}}}},"branchMap":{"0":{"loc":{"start":{"line":11,"column":1},"end":{"line":13,"column":null}},"type":"if","locations":[{"start":{"line":11,"column":1},"end":{"line":13,"column":null}}]},"1":{"loc":{"start":{"line":16,"column":30},"end":{"line":16,"column":67}},"type":"binary-expr","locations":[{"start":{"line":16,"column":30},"end":{"line":16,"column":67}},{"start":{"line":16,"column":71},"end":{"line":16,"column":112}}]},"2":{"loc":{"start":{"line":21,"column":2},"end":{"line":23,"column":null}},"type":"if","locations":[{"start":{"line":21,"column":2},"end":{"line":23,"column":null}}]}},"s":{"0":10,"1":9,"2":17,"3":1,"4":1,"5":1,"6":1,"7":1,"8":4},"f":{"0":10,"1":17,"2":1},"b":{"0":[9],"1":[1,1],"2":[1]}}
,"D:\\dev\\github\\react-redux-controller\\src\\controller\\tryToFindDependencyContainer.ts": {"path":"D:\\dev\\github\\react-redux-controller\\src\\controller\\tryToFindDependencyContainer.ts","statementMap":{"0":{"start":{"line":8,"column":62},"end":{"line":8,"column":71}},"1":{"start":{"line":9,"column":1},"end":{"line":11,"column":null}},"2":{"start":{"line":10,"column":2},"end":{"line":10,"column":29}},"3":{"start":{"line":14,"column":1},"end":{"line":16,"column":null}},"4":{"start":{"line":15,"column":2},"end":{"line":15,"column":31}},"5":{"start":{"line":18,"column":1},"end":{"line":18,"column":18}},"6":{"start":{"line":21,"column":9},"end":{"line":21,"column":37}}},"fnMap":{"0":{"name":"tryToFindDependencyContainer","decl":{"start":{"line":4,"column":9},"end":{"line":4,"column":37}},"loc":{"start":{"line":6,"column":51},"end":{"line":19,"column":1}}}},"branchMap":{"0":{"loc":{"start":{"line":9,"column":1},"end":{"line":11,"column":null}},"type":"if","locations":[{"start":{"line":9,"column":1},"end":{"line":11,"column":null}}]},"1":{"loc":{"start":{"line":14,"column":1},"end":{"line":16,"column":null}},"type":"if","locations":[{"start":{"line":14,"column":1},"end":{"line":16,"column":null}}]}},"s":{"0":11,"1":11,"2":2,"3":11,"4":1,"5":11,"6":4},"f":{"0":11},"b":{"0":[2],"1":[1]}}
,"D:\\dev\\github\\react-redux-controller\\src\\controller\\watcher.ts": {"path":"D:\\dev\\github\\react-redux-controller\\src\\controller\\watcher.ts","statementMap":{"0":{"start":{"line":7,"column":1},"end":{"line":10,"column":3}},"1":{"start":{"line":8,"column":23},"end":{"line":8,"column":64}},"2":{"start":{"line":13,"column":9},"end":{"line":13,"column":16}}},"fnMap":{"0":{"name":"watcher","decl":{"start":{"line":3,"column":9},"end":{"line":3,"column":16}},"loc":{"start":{"line":5,"column":87},"end":{"line":11,"column":1}}},"1":{"name":"(anonymous_1)","decl":{"start":{"line":8,"column":7},"end":{"line":8,"column":8}},"loc":{"start":{"line":8,"column":23},"end":{"line":8,"column":64}}}},"branchMap":{},"s":{"0":14,"1":37,"2":3},"f":{"0":14,"1":37},"b":{}}
,"D:\\dev\\github\\react-redux-controller\\src\\decorators\\InheritancePreserver.ts": {"path":"D:\\dev\\github\\react-redux-controller\\src\\decorators\\InheritancePreserver.ts","statementMap":{"0":{"start":{"line":1,"column":0},"end":{"line":1,"column":55}},"1":{"start":{"line":6,"column":3},"end":{"line":6,"column":84}},"2":{"start":{"line":10,"column":2},"end":{"line":10,"column":82}},"3":{"start":{"line":14,"column":9},"end":{"line":14,"column":29}}},"fnMap":{"0":{"name":"(anonymous_0)","decl":{"start":{"line":5,"column":1},"end":{"line":5,"column":7}},"loc":{"start":{"line":5,"column":52},"end":{"line":7,"column":2}}},"1":{"name":"(anonymous_1)","decl":{"start":{"line":9,"column":1},"end":{"line":9,"column":7}},"loc":{"start":{"line":9,"column":64},"end":{"line":11,"column":2}}}},"branchMap":{},"s":{"0":2,"1":5,"2":9,"3":2},"f":{"0":5,"1":9},"b":{}}
,"D:\\dev\\github\\react-redux-controller\\src\\decorators\\extractMethodNameFromActionType.ts": {"path":"D:\\dev\\github\\react-redux-controller\\src\\decorators\\extractMethodNameFromActionType.ts","statementMap":{"0":{"start":{"line":3,"column":28},"end":{"line":3,"column":69}},"1":{"start":{"line":4,"column":1},"end":{"line":4,"column":68}},"2":{"start":{"line":2,"column":0},"end":{"line":2,"column":16}}},"fnMap":{"0":{"name":"extractMethodNameFromActionType","decl":{"start":{"line":2,"column":16},"end":{"line":2,"column":47}},"loc":{"start":{"line":2,"column":105},"end":{"line":5,"column":1}}}},"branchMap":{},"s":{"0":6,"1":6,"2":3},"f":{"0":6},"b":{}}
,"D:\\dev\\github\\react-redux-controller\\src\\decorators\\index.ts": {"path":"D:\\dev\\github\\react-redux-controller\\src\\decorators\\index.ts","statementMap":{"0":{"start":{"line":1,"column":0},"end":{"line":1,"column":24}}},"fnMap":{},"branchMap":{},"s":{"0":1},"f":{},"b":{}}
,"D:\\dev\\github\\react-redux-controller\\src\\decorators\\makeActionType.ts": {"path":"D:\\dev\\github\\react-redux-controller\\src\\decorators\\makeActionType.ts","statementMap":{"0":{"start":{"line":3,"column":2},"end":{"line":3,"column":80}},"1":{"start":{"line":2,"column":0},"end":{"line":2,"column":16}}},"fnMap":{"0":{"name":"makeActionType","decl":{"start":{"line":2,"column":16},"end":{"line":2,"column":30}},"loc":{"start":{"line":2,"column":84},"end":{"line":4,"column":1}}}},"branchMap":{},"s":{"0":6,"1":3},"f":{"0":6},"b":{}}
,"D:\\dev\\github\\react-redux-controller\\src\\decorators\\watch.ts": {"path":"D:\\dev\\github\\react-redux-controller\\src\\decorators\\watch.ts","statementMap":{"0":{"start":{"line":1,"column":0},"end":{"line":1,"column":40}},"1":{"start":{"line":2,"column":0},"end":{"line":2,"column":47}},"2":{"start":{"line":3,"column":0},"end":{"line":3,"column":53}},"3":{"start":{"line":4,"column":0},"end":{"line":4,"column":69}},"4":{"start":{"line":13,"column":0},"end":{"line":13,"column":84}},"5":{"start":{"line":14,"column":0},"end":{"line":14,"column":62}},"6":{"start":{"line":15,"column":0},"end":{"line":15,"column":50}},"7":{"start":{"line":31,"column":1},"end":{"line":33,"column":null}},"8":{"start":{"line":32,"column":2},"end":{"line":32,"column":66}},"9":{"start":{"line":35,"column":1},"end":{"line":38,"column":null}},"10":{"start":{"line":37,"column":2},"end":{"line":37,"column":53}},"11":{"start":{"line":40,"column":1},"end":{"line":40,"column":55}},"12":{"start":{"line":98,"column":9},"end":{"line":98,"column":14}},"13":{"start":{"line":46,"column":28},"end":{"line":46,"column":117}},"14":{"start":{"line":48,"column":39},"end":{"line":48,"column":null}},"15":{"start":{"line":53,"column":1},"end":{"line":67,"column":null}},"16":{"start":{"line":55,"column":2},"end":{"line":59,"column":5}},"17":{"start":{"line":56,"column":28},"end":{"line":56,"column":106}},"18":{"start":{"line":58,"column":3},"end":{"line":58,"column":95}},"19":{"start":{"line":58,"column":61},"end":{"line":58,"column":94}},"20":{"start":{"line":61,"column":26},"end":{"line":61,"column":69}},"21":{"start":{"line":62,"column":2},"end":{"line":66,"column":null}},"22":{"start":{"line":63,"column":3},"end":{"line":63,"column":108}},"23":{"start":{"line":64,"column":3},"end":{"line":64,"column":67}},"24":{"start":{"line":65,"column":3},"end":{"line":65,"column":57}},"25":{"start":{"line":69,"column":1},"end":{"line":69,"column":20}},"26":{"start":{"line":73,"column":1},"end":{"line":95,"column":3}},"27":{"start":{"line":74,"column":16},"end":{"line":74,"column":102}},"28":{"start":{"line":75,"column":2},"end":{"line":81,"column":null}},"29":{"start":{"line":76,"column":3},"end":{"line":76,"column":57}},"30":{"start":{"line":78,"column":3},"end":{"line":80,"column":null}},"31":{"start":{"line":79,"column":4},"end":{"line":79,"column":33}},"32":{"start":{"line":83,"column":2},"end":{"line":85,"column":null}},"33":{"start":{"line":84,"column":3},"end":{"line":84,"column":28}},"34":{"start":{"line":87,"column":2},"end":{"line":87,"column":70}},"35":{"start":{"line":89,"column":19},"end":{"line":89,"column":42}},"36":{"start":{"line":90,"column":2},"end":{"line":92,"column":null}},"37":{"start":{"line":91,"column":3},"end":{"line":91,"column":38}},"38":{"start":{"line":94,"column":2},"end":{"line":94,"column":77}}},"fnMap":{"0":{"name":"watch","decl":{"start":{"line":30,"column":9},"end":{"line":30,"column":14}},"loc":{"start":{"line":30,"column":44},"end":{"line":41,"column":1}}},"1":{"name":"watchConstructor","decl":{"start":{"line":43,"column":9},"end":{"line":43,"column":25}},"loc":{"start":{"line":44,"column":26},"end":{"line":70,"column":1}}},"2":{"name":"(anonymous_2)","decl":{"start":{"line":55,"column":53},"end":{"line":55,"column":54}},"loc":{"start":{"line":55,"column":68},"end":{"line":59,"column":3}}},"3":{"name":"(anonymous_3)","decl":{"start":{"line":58,"column":42},"end":{"line":58,"column":43}},"loc":{"start":{"line":58,"column":61},"end":{"line":58,"column":94}}},"4":{"name":"watchMethod","decl":{"start":{"line":72,"column":9},"end":{"line":72,"column":20}},"loc":{"start":{"line":72,"column":44},"end":{"line":96,"column":1}}},"5":{"name":"(anonymous_5)","decl":{"start":{"line":73,"column":8},"end":{"line":73,"column":18}},"loc":{"start":{"line":73,"column":59},"end":{"line":95,"column":2}}}},"branchMap":{"0":{"loc":{"start":{"line":31,"column":1},"end":{"line":33,"column":null}},"type":"if","locations":[{"start":{"line":31,"column":1},"end":{"line":33,"column":null}}]},"1":{"loc":{"start":{"line":31,"column":5},"end":{"line":31,"column":27}},"type":"binary-expr","locations":[{"start":{"line":31,"column":5},"end":{"line":31,"column":27}},{"start":{"line":31,"column":31},"end":{"line":31,"column":74}}]},"2":{"loc":{"start":{"line":35,"column":1},"end":{"line":38,"column":null}},"type":"if","locations":[{"start":{"line":35,"column":1},"end":{"line":38,"column":null}}]},"3":{"loc":{"start":{"line":53,"column":1},"end":{"line":67,"column":null}},"type":"if","locations":[{"start":{"line":53,"column":1},"end":{"line":67,"column":null}}]},"4":{"loc":{"start":{"line":62,"column":2},"end":{"line":66,"column":null}},"type":"if","locations":[{"start":{"line":62,"column":2},"end":{"line":66,"column":null}}]},"5":{"loc":{"start":{"line":75,"column":2},"end":{"line":81,"column":null}},"type":"if","locations":[{"start":{"line":75,"column":2},"end":{"line":81,"column":null}}]},"6":{"loc":{"start":{"line":78,"column":3},"end":{"line":80,"column":null}},"type":"if","locations":[{"start":{"line":78,"column":3},"end":{"line":80,"column":null}}]},"7":{"loc":{"start":{"line":83,"column":2},"end":{"line":85,"column":null}},"type":"if","locations":[{"start":{"line":83,"column":2},"end":{"line":85,"column":null}}]},"8":{"loc":{"start":{"line":90,"column":2},"end":{"line":92,"column":null}},"type":"if","locations":[{"start":{"line":90,"column":2},"end":{"line":92,"column":null}}]},"9":{"loc":{"start":{"line":90,"column":6},"end":{"line":90,"column":14}},"type":"binary-expr","locations":[{"start":{"line":90,"column":6},"end":{"line":90,"column":14}},{"start":{"line":90,"column":18},"end":{"line":90,"column":39}}]},"10":{"loc":{"start":{"line":94,"column":43},"end":{"line":94,"column":50}},"type":"cond-expr","locations":[{"start":{"line":94,"column":43},"end":{"line":94,"column":50}},{"start":{"line":94,"column":54},"end":{"line":94,"column":75}}]},"11":{"loc":{"start":{"line":94,"column":43},"end":{"line":94,"column":54}},"type":"binary-expr","locations":[{"start":{"line":94,"column":43},"end":{"line":94,"column":54}},{"start":{"line":94,"column":43},"end":{"line":94,"column":54}}]}},"s":{"0":2,"1":2,"2":2,"3":2,"4":2,"5":2,"6":2,"7":9,"8":4,"9":5,"10":4,"11":1,"12":2,"13":4,"14":4,"15":4,"16":4,"17":5,"18":5,"19":5,"20":4,"21":4,"22":4,"23":4,"24":4,"25":4,"26":5,"27":5,"28":5,"29":4,"30":4,"31":4,"32":5,"33":4,"34":5,"35":5,"36":5,"37":5,"38":5},"f":{"0":9,"1":4,"2":5,"3":5,"4":5,"5":5},"b":{"0":[4],"1":[9,5],"2":[4],"3":[4],"4":[4],"5":[4],"6":[4],"7":[4],"8":[5],"9":[5,5],"10":[5,0],"11":[5,5]}}
,"D:\\dev\\github\\react-redux-controller\\src\\hooks\\addContainerToAction.ts": {"path":"D:\\dev\\github\\react-redux-controller\\src\\hooks\\addContainerToAction.ts","statementMap":{"0":{"start":{"line":3,"column":0},"end":{"line":3,"column":41}},"1":{"start":{"line":4,"column":0},"end":{"line":4,"column":47}},"2":{"start":{"line":7,"column":1},"end":{"line":9,"column":null}},"3":{"start":{"line":8,"column":2},"end":{"line":8,"column":16}},"4":{"start":{"line":11,"column":1},"end":{"line":14,"column":null}},"5":{"start":{"line":12,"column":2},"end":{"line":12,"column":41}},"6":{"start":{"line":13,"column":2},"end":{"line":13,"column":16}},"7":{"start":{"line":16,"column":18},"end":{"line":16,"column":24}},"8":{"start":{"line":17,"column":1},"end":{"line":17,"column":20}},"9":{"start":{"line":19,"column":19},"end":{"line":19,"column":46}},"10":{"start":{"line":20,"column":1},"end":{"line":22,"column":null}},"11":{"start":{"line":21,"column":2},"end":{"line":21,"column":33}},"12":{"start":{"line":23,"column":1},"end":{"line":23,"column":18}},"13":{"start":{"line":26,"column":9},"end":{"line":26,"column":29}}},"fnMap":{"0":{"name":"addContainerToAction","decl":{"start":{"line":6,"column":9},"end":{"line":6,"column":29}},"loc":{"start":{"line":6,"column":75},"end":{"line":24,"column":1}}}},"branchMap":{"0":{"loc":{"start":{"line":7,"column":1},"end":{"line":9,"column":null}},"type":"if","locations":[{"start":{"line":7,"column":1},"end":{"line":9,"column":null}}]},"1":{"loc":{"start":{"line":11,"column":1},"end":{"line":14,"column":null}},"type":"if","locations":[{"start":{"line":11,"column":1},"end":{"line":14,"column":null}}]}},"s":{"0":1,"1":1,"2":6,"3":1,"4":5,"5":2,"6":2,"7":3,"8":3,"9":3,"10":3,"11":3,"12":3,"13":1},"f":{"0":6},"b":{"0":[1],"1":[2]}}
,"D:\\dev\\github\\react-redux-controller\\src\\types\\WatchedConstructor.ts": {"path":"D:\\dev\\github\\react-redux-controller\\src\\types\\WatchedConstructor.ts","statementMap":{"0":{"start":{"line":1,"column":0},"end":{"line":1,"column":96}}},"fnMap":{},"branchMap":{},"s":{"0":5},"f":{},"b":{}}
,"D:\\dev\\github\\react-redux-controller\\src\\types\\index.ts": {"path":"D:\\dev\\github\\react-redux-controller\\src\\types\\index.ts","statementMap":{"0":{"start":{"line":1,"column":0},"end":{"line":1,"column":25}},"1":{"start":{"line":2,"column":0},"end":{"line":2,"column":43}},"2":{"start":{"line":3,"column":0},"end":{"line":3,"column":29}},"3":{"start":{"line":4,"column":0},"end":{"line":4,"column":30}},"4":{"start":{"line":5,"column":0},"end":{"line":5,"column":29}},"5":{"start":{"line":6,"column":0},"end":{"line":6,"column":40}},"6":{"start":{"line":7,"column":0},"end":{"line":7,"column":40}},"7":{"start":{"line":8,"column":0},"end":{"line":8,"column":50}},"8":{"start":{"line":9,"column":0},"end":{"line":9,"column":27}},"9":{"start":{"line":10,"column":0},"end":{"line":10,"column":27}},"10":{"start":{"line":11,"column":0},"end":{"line":11,"column":39}},"11":{"start":{"line":12,"column":0},"end":{"line":12,"column":37}},"12":{"start":{"line":13,"column":0},"end":{"line":13,"column":36}},"13":{"start":{"line":14,"column":0},"end":{"line":14,"column":26}}},"fnMap":{},"branchMap":{},"s":{"0":5,"1":5,"2":5,"3":5,"4":5,"5":5,"6":5,"7":5,"8":5,"9":5,"10":5,"11":5,"12":5,"13":5},"f":{},"b":{}}
,"D:\\dev\\github\\react-redux-controller\\src\\types\\isAction.ts": {"path":"D:\\dev\\github\\react-redux-controller\\src\\types\\isAction.ts","statementMap":{"0":{"start":{"line":4,"column":1},"end":{"line":10,"column":3}},"1":{"start":{"line":3,"column":0},"end":{"line":3,"column":16}}},"fnMap":{"0":{"name":"isAction","decl":{"start":{"line":3,"column":16},"end":{"line":3,"column":24}},"loc":{"start":{"line":3,"column":36},"end":{"line":11,"column":1}}}},"branchMap":{"0":{"loc":{"start":{"line":5,"column":2},"end":{"line":5,"column":21}},"type":"binary-expr","locations":[{"start":{"line":5,"column":2},"end":{"line":5,"column":21}},{"start":{"line":6,"column":2},"end":{"line":6,"column":21}},{"start":{"line":7,"column":2},"end":{"line":7,"column":29}},{"start":{"line":8,"column":2},"end":{"line":8,"column":35}},{"start":{"line":9,"column":2},"end":{"line":9,"column":41}}]}},"s":{"0":34,"1":5},"f":{"0":34},"b":{"0":[34,33,33,33,33]}}
}
