{"D:\\dev\\github\\react-redux-controller\\src\\Middleware.ts": {"path":"D:\\dev\\github\\react-redux-controller\\src\\Middleware.ts","statementMap":{"0":{"start":{"line":13,"column":1},"end":{"line":15,"column":3}},"1":{"start":{"line":14,"column":2},"end":{"line":14,"column":37}},"2":{"start":{"line":8,"column":2},"end":{"line":10,"column":4}},"3":{"start":{"line":17,"column":2},"end":{"line":17,"column":37}},"4":{"start":{"line":21,"column":9},"end":{"line":21,"column":19}}},"fnMap":{"0":{"name":"(anonymous_0)","decl":{"start":{"line":7,"column":1},"end":{"line":7,"column":null}},"loc":{"start":{"line":7,"column":1},"end":{"line":11,"column":2}}},"1":{"name":"(anonymous_1)","decl":{"start":{"line":13,"column":30},"end":{"line":13,"column":33}},"loc":{"start":{"line":13,"column":35},"end":{"line":15,"column":2}}},"2":{"name":"(anonymous_2)","decl":{"start":{"line":16,"column":1},"end":{"line":16,"column":9}},"loc":{"start":{"line":16,"column":9},"end":{"line":18,"column":2}}}},"branchMap":{},"s":{"0":1,"1":0,"2":1,"3":0,"4":1},"f":{"0":1,"1":0,"2":0},"b":{}}
}
