TN:
SF:src\AppAction.ts
FN:14,(anonymous_0)
FN:21,(anonymous_1)
FN:25,(anonymous_2)
FN:29,(anonymous_3)
FN:34,(anonymous_4)
FN:38,(anonymous_5)
FN:42,(anonymous_6)
FN:46,(anonymous_7)
FN:50,(anonymous_8)
FN:54,(anonymous_9)
FN:58,(anonymous_10)
FN:74,(anonymous_11)
FN:77,(anonymous_12)
FN:80,(anonymous_13)
FNF:14
FNH:11
FNDA:38,(anonymous_0)
FNDA:9,(anonymous_1)
FNDA:1,(anonymous_2)
FNDA:17,(anonymous_3)
FNDA:12,(anonymous_4)
FNDA:7,(anonymous_5)
FNDA:0,(anonymous_6)
FNDA:0,(anonymous_7)
FNDA:0,(anonymous_8)
FNDA:33,(anonymous_9)
FNDA:132,(anonymous_10)
FNDA:9,(anonymous_11)
FNDA:1,(anonymous_12)
FNDA:15,(anonymous_13)
DA:4,7
DA:15,38
DA:16,38
DA:17,38
DA:18,38
DA:22,9
DA:26,1
DA:30,17
DA:31,0
DA:34,17
DA:35,12
DA:36,3
DA:38,9
DA:43,0
DA:47,0
DA:51,0
DA:55,33
DA:56,33
DA:58,33
DA:60,132
DA:61,0
DA:63,132
DA:64,33
DA:65,33
DA:67,99
DA:68,33
DA:69,33
DA:71,66
DA:74,33
DA:75,9
DA:77,33
DA:78,1
DA:80,33
DA:81,15
DA:84,33
LF:35
LH:30
BRDA:30,0,0,0
BRDA:35,1,0,3
BRDA:60,2,0,0
BRDA:63,3,0,33
BRDA:67,4,0,33
BRF:5
BRH:3
end_of_record
TN:
SF:src\MetadataStorage.ts
FN:14,(anonymous_0)
FN:22,(anonymous_1)
FN:27,(anonymous_2)
FNF:3
FNH:3
FNDA:4,(anonymous_0)
FNDA:16,(anonymous_1)
FNDA:20,(anonymous_2)
DA:1,3
DA:4,3
DA:9,3
DA:13,3
DA:15,4
DA:17,4
DA:19,4
DA:23,16
DA:24,16
DA:28,20
LF:10
LH:10
BRDA:23,0,0,16
BRDA:23,0,1,0
BRDA:23,1,0,16
BRDA:23,1,1,16
BRDA:28,2,0,5
BRDA:28,2,1,15
BRDA:28,3,0,20
BRDA:28,3,1,20
BRF:8
BRH:7
end_of_record
TN:
SF:src\Middleware.ts
FN:7,(anonymous_0)
FN:13,(anonymous_1)
FN:16,(anonymous_2)
FNF:3
FNH:1
FNDA:1,(anonymous_0)
FNDA:0,(anonymous_1)
FNDA:0,(anonymous_2)
DA:8,1
DA:13,1
DA:14,0
DA:17,0
DA:21,5
LF:5
LH:3
BRF:0
BRH:0
end_of_record
TN:
SF:src\Reducer.ts
FN:4,Reducer
FN:5,(anonymous_1)
FNF:2
FNH:2
FNDA:2,Reducer
FNDA:3,(anonymous_1)
DA:5,2
DA:6,3
DA:7,1
DA:10,2
DA:11,1
DA:17,1
DA:23,2
LF:7
LH:7
BRDA:5,0,0,0
BRDA:6,1,0,1
BRDA:10,2,0,1
BRF:3
BRH:2
end_of_record
TN:
SF:src\chainActions.ts
FN:6,chainActions
FN:9,(anonymous_1)
FNF:2
FNH:2
FNDA:6,chainActions
FNDA:9,(anonymous_1)
DA:1,1
DA:2,1
DA:4,1
DA:6,1
DA:7,6
DA:8,6
DA:9,9
DA:12,6
DA:13,2
DA:16,4
DA:17,4
DA:19,4
DA:20,4
DA:21,4
DA:22,4
DA:25,4
LF:16
LH:16
BRDA:8,0,0,6
BRDA:12,1,0,2
BRF:2
BRH:2
end_of_record
TN:
SF:src\createAction.ts
FN:4,createAction
FNF:1
FNH:1
FNDA:33,createAction
DA:1,6
DA:4,6
DA:7,33
DA:8,5
DA:10,28
DA:13,33
LF:6
LH:6
BRDA:7,0,0,5
BRDA:7,0,1,28
BRDA:7,1,0,33
BRDA:7,1,1,6
BRF:4
BRH:4
end_of_record
TN:
SF:src\symbols.ts
FNF:0
FNH:0
DA:1,5
DA:2,5
DA:4,5
DA:6,5
LF:4
LH:4
BRF:0
BRH:0
end_of_record
TN:
SF:src\controller\ControllerBase.ts
FN:7,(anonymous_0)
FN:14,(anonymous_1)
FN:20,(anonymous_2)
FNF:3
FNH:2
FNDA:4,(anonymous_0)
FNDA:17,(anonymous_1)
FNDA:0,(anonymous_2)
DA:2,4
DA:7,4
DA:10,4
DA:15,17
DA:16,1
DA:19,16
DA:20,16
LF:7
LH:7
BRDA:15,0,0,1
BRF:1
BRH:1
end_of_record
TN:
SF:src\controller\controllerMiddleware.ts
FN:15,controllerMiddleware
FN:18,(anonymous_1)
FN:19,(anonymous_2)
FN:20,(anonymous_3)
FN:20,(anonymous_4)
FN:51,controllerGenerator
FN:57,(anonymous_6)
FN:59,iterator
FN:73,(anonymous_8)
FN:77,(anonymous_9)
FN:78,(anonymous_10)
FN:95,(anonymous_11)
FN:105,(anonymous_12)
FN:108,(anonymous_13)
FNF:14
FNH:13
FNDA:6,controllerMiddleware
FNDA:6,(anonymous_1)
FNDA:6,(anonymous_2)
FNDA:8,(anonymous_3)
FNDA:8,(anonymous_4)
FNDA:8,controllerGenerator
FNDA:8,(anonymous_6)
FNDA:24,iterator
FNDA:35,(anonymous_8)
FNDA:16,(anonymous_9)
FNDA:16,(anonymous_10)
FNDA:16,(anonymous_11)
FNDA:0,(anonymous_12)
FNDA:24,(anonymous_13)
DA:3,3
DA:4,3
DA:5,3
DA:6,3
DA:7,3
DA:8,3
DA:16,6
DA:18,6
DA:19,6
DA:20,8
DA:21,8
DA:22,8
DA:23,0
DA:26,8
DA:27,0
DA:30,8
DA:31,8
DA:34,8
DA:35,24
DA:36,24
DA:37,16
DA:38,16
DA:40,0
DA:45,8
DA:56,8
DA:57,8
DA:60,24
DA:61,8
DA:67,16
DA:68,16
DA:70,16
DA:71,16
DA:73,16
DA:74,35
DA:75,35
DA:76,16
DA:77,16
DA:78,16
DA:79,16
DA:80,16
DA:81,5
DA:83,11
DA:88,16
DA:92,16
DA:94,16
DA:96,16
DA:97,15
DA:104,8
DA:106,0
DA:109,24
DA:115,3
LF:51
LH:47
BRDA:15,0,0,1
BRDA:16,1,0,1
BRDA:22,2,0,0
BRDA:26,3,0,0
BRDA:36,4,0,16
BRDA:60,5,0,8
BRDA:75,6,0,16
BRDA:80,7,0,5
BRDA:80,7,1,11
BRDA:96,8,0,15
BRDA:96,9,0,16
BRDA:96,9,1,16
BRF:12
BRH:10
end_of_record
TN:
SF:src\controller\index.ts
FNF:0
FNH:0
DA:1,2
DA:2,2
DA:3,2
LF:3
LH:3
BRF:0
BRH:0
end_of_record
TN:
SF:src\controller\isDuckPromise.ts
FN:1,isNullOrUndefined
FN:5,isDuckPromise
FNF:2
FNH:2
FNDA:16,isNullOrUndefined
FNDA:16,isDuckPromise
DA:2,16
DA:6,16
DA:7,11
DA:10,5
DA:15,5
DA:18,0
DA:21,3
LF:7
LH:6
BRDA:2,0,0,16
BRDA:2,0,1,16
BRDA:6,1,0,11
BRDA:10,2,0,5
BRDA:11,3,0,5
BRDA:11,3,1,5
BRDA:11,3,2,5
BRF:7
BRH:7
end_of_record
TN:
SF:src\controller\makeControllerFactory.ts
FN:7,makeControllerFactory
FN:12,(anonymous_1)
FN:15,(anonymous_2)
FNF:3
FNH:3
FNDA:10,makeControllerFactory
FNDA:17,(anonymous_1)
FNDA:1,(anonymous_2)
DA:11,10
DA:12,17
DA:15,1
DA:16,1
DA:21,1
DA:22,1
DA:25,1
DA:29,4
LF:8
LH:8
BRDA:11,0,0,9
BRDA:16,1,0,1
BRDA:16,1,1,1
BRDA:21,2,0,1
BRF:4
BRH:4
end_of_record
TN:
SF:src\controller\tryToFindDependencyContainer.ts
FN:4,tryToFindDependencyContainer
FNF:1
FNH:1
FNDA:11,tryToFindDependencyContainer
DA:8,11
DA:9,11
DA:10,2
DA:14,11
DA:15,1
DA:18,11
DA:21,4
LF:7
LH:7
BRDA:9,0,0,2
BRDA:14,1,0,1
BRF:2
BRH:2
end_of_record
TN:
SF:src\controller\watcher.ts
FN:3,watcher
FN:8,(anonymous_1)
FNF:2
FNH:2
FNDA:14,watcher
FNDA:37,(anonymous_1)
DA:7,14
DA:8,37
DA:13,3
LF:3
LH:3
BRF:0
BRH:0
end_of_record
TN:
SF:src\decorators\InheritancePreserver.ts
FN:5,(anonymous_0)
FN:9,(anonymous_1)
FNF:2
FNH:2
FNDA:5,(anonymous_0)
FNDA:9,(anonymous_1)
DA:1,2
DA:6,5
DA:10,9
DA:14,2
LF:4
LH:4
BRF:0
BRH:0
end_of_record
TN:
SF:src\decorators\extractMethodNameFromActionType.ts
FN:2,extractMethodNameFromActionType
FNF:1
FNH:1
FNDA:6,extractMethodNameFromActionType
DA:2,3
DA:3,6
DA:4,6
LF:3
LH:3
BRF:0
BRH:0
end_of_record
TN:
SF:src\decorators\index.ts
FNF:0
FNH:0
DA:1,1
LF:1
LH:1
BRF:0
BRH:0
end_of_record
TN:
SF:src\decorators\makeActionType.ts
FN:2,makeActionType
FNF:1
FNH:1
FNDA:6,makeActionType
DA:2,3
DA:3,6
LF:2
LH:2
BRF:0
BRH:0
end_of_record
TN:
SF:src\decorators\watch.ts
FN:30,watch
FN:43,watchConstructor
FN:55,(anonymous_2)
FN:58,(anonymous_3)
FN:72,watchMethod
FN:73,(anonymous_5)
FNF:6
FNH:6
FNDA:9,watch
FNDA:4,watchConstructor
FNDA:5,(anonymous_2)
FNDA:5,(anonymous_3)
FNDA:5,watchMethod
FNDA:5,(anonymous_5)
DA:1,2
DA:2,2
DA:3,2
DA:4,2
DA:13,2
DA:14,2
DA:15,2
DA:31,9
DA:32,4
DA:35,5
DA:37,4
DA:40,1
DA:46,4
DA:48,4
DA:53,4
DA:55,4
DA:56,5
DA:58,5
DA:61,4
DA:62,4
DA:63,4
DA:64,4
DA:65,4
DA:69,4
DA:73,5
DA:74,5
DA:75,5
DA:76,4
DA:78,4
DA:79,4
DA:83,5
DA:84,4
DA:87,5
DA:89,5
DA:90,5
DA:91,5
DA:94,5
DA:98,2
LF:38
LH:38
BRDA:31,0,0,4
BRDA:31,1,0,9
BRDA:31,1,1,5
BRDA:35,2,0,4
BRDA:53,3,0,4
BRDA:62,4,0,4
BRDA:75,5,0,4
BRDA:78,6,0,4
BRDA:83,7,0,4
BRDA:90,8,0,5
BRDA:90,9,0,5
BRDA:90,9,1,5
BRDA:94,10,0,5
BRDA:94,10,1,0
BRDA:94,11,0,5
BRDA:94,11,1,5
BRF:16
BRH:15
end_of_record
TN:
SF:src\hooks\addContainerToAction.ts
FN:6,addContainerToAction
FNF:1
FNH:1
FNDA:6,addContainerToAction
DA:3,1
DA:4,1
DA:7,6
DA:8,1
DA:11,5
DA:12,2
DA:13,2
DA:16,3
DA:17,3
DA:19,3
DA:20,3
DA:21,3
DA:23,3
DA:26,1
LF:14
LH:14
BRDA:7,0,0,1
BRDA:11,1,0,2
BRF:2
BRH:2
end_of_record
TN:
SF:src\types\WatchedConstructor.ts
FNF:0
FNH:0
DA:1,5
LF:1
LH:1
BRF:0
BRH:0
end_of_record
TN:
SF:src\types\index.ts
FNF:0
FNH:0
DA:1,5
DA:2,5
DA:3,5
DA:4,5
DA:5,5
DA:6,5
DA:7,5
DA:8,5
DA:9,5
DA:10,5
DA:11,5
DA:12,5
DA:13,5
DA:14,5
LF:14
LH:14
BRF:0
BRH:0
end_of_record
TN:
SF:src\types\isAction.ts
FN:3,isAction
FNF:1
FNH:1
FNDA:34,isAction
DA:3,5
DA:4,34
LF:2
LH:2
BRDA:5,0,0,34
BRDA:5,0,1,33
BRDA:5,0,2,33
BRDA:5,0,3,33
BRDA:5,0,4,33
BRF:5
BRH:5
end_of_record
